<?xml version="1.0" encoding="UTF-8"?>
<testsuites>
  <testsuite name="Prahsys\LaravelClerk\Tests\Unit\Models\PaymentSessionTest" file="/Users/stephen/Herd/fable/packages/prahsys/laravel-clerk/tests/Unit/Models/PaymentSessionTest.php" tests="1" assertions="1" errors="0" failures="0" skipped="0" time="0.149066">
    <testcase name="test_payment_session_has_correct_table_name" file="/Users/stephen/Herd/fable/packages/prahsys/laravel-clerk/tests/Unit/Models/PaymentSessionTest.php" line="40" class="Prahsys\LaravelClerk\Tests\Unit\Models\PaymentSessionTest" classname="Prahsys.LaravelClerk.Tests.Unit.Models.PaymentSessionTest" assertions="1" time="0.149066"/>
  </testsuite>
</testsuites>
